{"/Users/ti/Documents/finjudge/backend/server.js": {"path":"/Users/ti/Documents/finjudge/backend/server.js","statementMap":{"0":{"start":{"line":1,"column":16},"end":{"line":1,"column":34}},"1":{"start":{"line":2,"column":13},"end":{"line":2,"column":28}},"2":{"start":{"line":3,"column":13},"end":{"line":3,"column":28}},"3":{"start":{"line":4,"column":0},"end":{"line":4,"column":27}},"4":{"start":{"line":6,"column":12},"end":{"line":6,"column":21}},"5":{"start":{"line":8,"column":0},"end":{"line":8,"column":16}},"6":{"start":{"line":9,"column":0},"end":{"line":9,"column":24}},"7":{"start":{"line":12,"column":0},"end":{"line":12,"column":58}},"8":{"start":{"line":12,"column":25},"end":{"line":12,"column":56}},"9":{"start":{"line":19,"column":0},"end":{"line":33,"column":3}},"10":{"start":{"line":20,"column":2},"end":{"line":32,"column":3}},"11":{"start":{"line":21,"column":25},"end":{"line":21,"column":33}},"12":{"start":{"line":23,"column":19},"end":{"line":26,"column":5}},"13":{"start":{"line":28,"column":4},"end":{"line":28,"column":46}},"14":{"start":{"line":30,"column":4},"end":{"line":30,"column":65}},"15":{"start":{"line":31,"column":4},"end":{"line":31,"column":79}},"16":{"start":{"line":39,"column":0},"end":{"line":53,"column":3}},"17":{"start":{"line":40,"column":2},"end":{"line":52,"column":3}},"18":{"start":{"line":41,"column":31},"end":{"line":41,"column":39}},"19":{"start":{"line":43,"column":4},"end":{"line":46,"column":6}},"20":{"start":{"line":48,"column":4},"end":{"line":48,"column":27}},"21":{"start":{"line":50,"column":4},"end":{"line":50,"column":59}},"22":{"start":{"line":51,"column":4},"end":{"line":51,"column":76}},"23":{"start":{"line":59,"column":0},"end":{"line":90,"column":3}},"24":{"start":{"line":60,"column":2},"end":{"line":89,"column":3}},"25":{"start":{"line":61,"column":43},"end":{"line":61,"column":51}},"26":{"start":{"line":63,"column":4},"end":{"line":66,"column":6}},"27":{"start":{"line":68,"column":4},"end":{"line":68,"column":27}},"28":{"start":{"line":71,"column":4},"end":{"line":86,"column":5}},"29":{"start":{"line":72,"column":6},"end":{"line":83,"column":7}},"30":{"start":{"line":73,"column":47},"end":{"line":73,"column":55}},"31":{"start":{"line":75,"column":8},"end":{"line":78,"column":10}},"32":{"start":{"line":80,"column":8},"end":{"line":80,"column":56}},"33":{"start":{"line":82,"column":8},"end":{"line":82,"column":76}},"34":{"start":{"line":85,"column":6},"end":{"line":85,"column":62}},"35":{"start":{"line":88,"column":4},"end":{"line":88,"column":77}},"36":{"start":{"line":96,"column":0},"end":{"line":111,"column":3}},"37":{"start":{"line":97,"column":16},"end":{"line":97,"column":46}},"38":{"start":{"line":99,"column":2},"end":{"line":104,"column":3}},"39":{"start":{"line":100,"column":4},"end":{"line":100,"column":64}},"40":{"start":{"line":101,"column":4},"end":{"line":103,"column":69}},"41":{"start":{"line":107,"column":4},"end":{"line":107,"column":56}},"42":{"start":{"line":108,"column":16},"end":{"line":108,"column":73}},"43":{"start":{"line":110,"column":2},"end":{"line":110,"column":34}},"44":{"start":{"line":114,"column":0},"end":{"line":114,"column":21}},"45":{"start":{"line":117,"column":13},"end":{"line":117,"column":45}},"46":{"start":{"line":118,"column":0},"end":{"line":120,"column":1}},"47":{"start":{"line":119,"column":2},"end":{"line":119,"column":73}},"48":{"start":{"line":119,"column":25},"end":{"line":119,"column":71}}},"fnMap":{"0":{"name":"(anonymous_0)","decl":{"start":{"line":12,"column":13},"end":{"line":12,"column":14}},"loc":{"start":{"line":12,"column":25},"end":{"line":12,"column":56}},"line":12},"1":{"name":"(anonymous_1)","decl":{"start":{"line":19,"column":28},"end":{"line":19,"column":29}},"loc":{"start":{"line":19,"column":48},"end":{"line":33,"column":1}},"line":19},"2":{"name":"(anonymous_2)","decl":{"start":{"line":39,"column":22},"end":{"line":39,"column":23}},"loc":{"start":{"line":39,"column":42},"end":{"line":53,"column":1}},"line":39},"3":{"name":"(anonymous_3)","decl":{"start":{"line":59,"column":23},"end":{"line":59,"column":24}},"loc":{"start":{"line":59,"column":43},"end":{"line":90,"column":1}},"line":59},"4":{"name":"(anonymous_4)","decl":{"start":{"line":96,"column":31},"end":{"line":96,"column":32}},"loc":{"start":{"line":96,"column":45},"end":{"line":111,"column":1}},"line":96},"5":{"name":"(anonymous_5)","decl":{"start":{"line":119,"column":19},"end":{"line":119,"column":20}},"loc":{"start":{"line":119,"column":25},"end":{"line":119,"column":71}},"line":119}},"branchMap":{"0":{"loc":{"start":{"line":25,"column":14},"end":{"line":25,"column":28}},"type":"binary-expr","locations":[{"start":{"line":25,"column":14},"end":{"line":25,"column":22}},{"start":{"line":25,"column":26},"end":{"line":25,"column":28}}],"line":25},"1":{"loc":{"start":{"line":45,"column":7},"end":{"line":45,"column":19}},"type":"binary-expr","locations":[{"start":{"line":45,"column":7},"end":{"line":45,"column":11}},{"start":{"line":45,"column":15},"end":{"line":45,"column":19}}],"line":45},"2":{"loc":{"start":{"line":45,"column":28},"end":{"line":45,"column":42}},"type":"binary-expr","locations":[{"start":{"line":45,"column":28},"end":{"line":45,"column":36}},{"start":{"line":45,"column":40},"end":{"line":45,"column":42}}],"line":45},"3":{"loc":{"start":{"line":65,"column":14},"end":{"line":65,"column":28}},"type":"binary-expr","locations":[{"start":{"line":65,"column":14},"end":{"line":65,"column":22}},{"start":{"line":65,"column":26},"end":{"line":65,"column":28}}],"line":65},"4":{"loc":{"start":{"line":65,"column":53},"end":{"line":65,"column":68}},"type":"binary-expr","locations":[{"start":{"line":65,"column":53},"end":{"line":65,"column":62}},{"start":{"line":65,"column":66},"end":{"line":65,"column":68}}],"line":65},"5":{"loc":{"start":{"line":71,"column":4},"end":{"line":86,"column":5}},"type":"if","locations":[{"start":{"line":71,"column":4},"end":{"line":86,"column":5}},{"start":{"line":84,"column":11},"end":{"line":86,"column":5}}],"line":71},"6":{"loc":{"start":{"line":71,"column":8},"end":{"line":71,"column":35}},"type":"binary-expr","locations":[{"start":{"line":71,"column":8},"end":{"line":71,"column":11}},{"start":{"line":71,"column":15},"end":{"line":71,"column":35}}],"line":71},"7":{"loc":{"start":{"line":77,"column":18},"end":{"line":77,"column":32}},"type":"binary-expr","locations":[{"start":{"line":77,"column":18},"end":{"line":77,"column":26}},{"start":{"line":77,"column":30},"end":{"line":77,"column":32}}],"line":77},"8":{"loc":{"start":{"line":77,"column":57},"end":{"line":77,"column":72}},"type":"binary-expr","locations":[{"start":{"line":77,"column":57},"end":{"line":77,"column":66}},{"start":{"line":77,"column":70},"end":{"line":77,"column":72}}],"line":77},"9":{"loc":{"start":{"line":99,"column":2},"end":{"line":104,"column":3}},"type":"if","locations":[{"start":{"line":99,"column":2},"end":{"line":104,"column":3}},{"start":{},"end":{}}],"line":99},"10":{"loc":{"start":{"line":107,"column":4},"end":{"line":107,"column":56}},"type":"binary-expr","locations":[{"start":{"line":107,"column":4},"end":{"line":107,"column":18}},{"start":{"line":107,"column":22},"end":{"line":107,"column":56}}],"line":107},"11":{"loc":{"start":{"line":117,"column":20},"end":{"line":117,"column":44}},"type":"binary-expr","locations":[{"start":{"line":117,"column":20},"end":{"line":117,"column":36}},{"start":{"line":117,"column":40},"end":{"line":117,"column":44}}],"line":117},"12":{"loc":{"start":{"line":118,"column":0},"end":{"line":120,"column":1}},"type":"if","locations":[{"start":{"line":118,"column":0},"end":{"line":120,"column":1}},{"start":{},"end":{}}],"line":118}},"s":{"0":1,"1":1,"2":1,"3":1,"4":1,"5":1,"6":1,"7":1,"8":1,"9":1,"10":3,"11":3,"12":3,"13":2,"14":1,"15":1,"16":1,"17":2,"18":2,"19":2,"20":1,"21":1,"22":1,"23":1,"24":3,"25":3,"26":3,"27":1,"28":2,"29":1,"30":1,"31":1,"32":1,"33":0,"34":1,"35":1,"36":1,"37":2,"38":2,"39":1,"40":1,"41":1,"42":1,"43":1,"44":1,"45":1,"46":1,"47":0,"48":0},"f":{"0":1,"1":3,"2":2,"3":3,"4":2,"5":0},"b":{"0":[3,0],"1":[2,0],"2":[2,0],"3":[3,0],"4":[3,0],"5":[1,1],"6":[2,2],"7":[1,0],"8":[1,0],"9":[1,1],"10":[1,0],"11":[1,0],"12":[0,1]},"_coverageSchema":"1a1c01bbd47fc00a2c39e90264f33305004495a9","hash":"b11674d0d7552cf0fd3960613399df8c6ae022d9"}
}
