TN:
SF:server.js
FN:12,(anonymous_0)
FN:19,(anonymous_1)
FN:39,(anonymous_2)
FN:59,(anonymous_3)
FN:96,(anonymous_4)
FN:119,(anonymous_5)
FNF:6
FNH:5
FNDA:1,(anonymous_0)
FNDA:3,(anonymous_1)
FNDA:2,(anonymous_2)
FNDA:3,(anonymous_3)
FNDA:2,(anonymous_4)
FNDA:0,(anonymous_5)
DA:1,1
DA:2,1
DA:3,1
DA:4,1
DA:6,1
DA:8,1
DA:9,1
DA:12,1
DA:19,1
DA:20,3
DA:21,3
DA:23,3
DA:28,2
DA:30,1
DA:31,1
DA:39,1
DA:40,2
DA:41,2
DA:43,2
DA:48,1
DA:50,1
DA:51,1
DA:59,1
DA:60,3
DA:61,3
DA:63,3
DA:68,1
DA:71,2
DA:72,1
DA:73,1
DA:75,1
DA:80,1
DA:82,0
DA:85,1
DA:88,1
DA:96,1
DA:97,2
DA:99,2
DA:100,1
DA:101,1
DA:107,1
DA:108,1
DA:110,1
DA:114,1
DA:117,1
DA:118,1
DA:119,0
LF:47
LH:45
BRDA:25,0,0,3
BRDA:25,0,1,0
BRDA:45,1,0,2
BRDA:45,1,1,0
BRDA:45,2,0,2
BRDA:45,2,1,0
BRDA:65,3,0,3
BRDA:65,3,1,0
BRDA:65,4,0,3
BRDA:65,4,1,0
BRDA:71,5,0,1
BRDA:71,5,1,1
BRDA:71,6,0,2
BRDA:71,6,1,2
BRDA:77,7,0,1
BRDA:77,7,1,0
BRDA:77,8,0,1
BRDA:77,8,1,0
BRDA:99,9,0,1
BRDA:99,9,1,1
BRDA:107,10,0,1
BRDA:107,10,1,0
BRDA:117,11,0,1
BRDA:117,11,1,0
BRDA:118,12,0,0
BRDA:118,12,1,1
BRF:26
BRH:16
end_of_record
